0 info it worked if it ends with ok
1 verbose cli [ '/Users/sethvincent/.nvm/v0.10.21/bin/node',
1 verbose cli   '/Users/sethvincent/.nvm/v0.10.21/bin/npm',
1 verbose cli   'install',
1 verbose cli   '--save-dev',
1 verbose cli   'beefy',
1 verbose cli   'browerserify' ]
2 info using npm@1.3.11
3 info using node@v0.10.21
4 warn package.json hogjam3@0.0.0 No README data
5 verbose readDependencies using package.json deps
6 verbose cache add [ 'beefy', null ]
7 verbose cache add name=undefined spec="beefy" args=["beefy",null]
8 verbose parsed url { protocol: null,
8 verbose parsed url   slashes: null,
8 verbose parsed url   auth: null,
8 verbose parsed url   host: null,
8 verbose parsed url   port: null,
8 verbose parsed url   hostname: null,
8 verbose parsed url   hash: null,
8 verbose parsed url   search: null,
8 verbose parsed url   query: null,
8 verbose parsed url   pathname: 'beefy',
8 verbose parsed url   path: 'beefy',
8 verbose parsed url   href: 'beefy' }
9 verbose cache add [ 'browerserify', null ]
10 verbose cache add name=undefined spec="browerserify" args=["browerserify",null]
11 verbose parsed url { protocol: null,
11 verbose parsed url   slashes: null,
11 verbose parsed url   auth: null,
11 verbose parsed url   host: null,
11 verbose parsed url   port: null,
11 verbose parsed url   hostname: null,
11 verbose parsed url   hash: null,
11 verbose parsed url   search: null,
11 verbose parsed url   query: null,
11 verbose parsed url   pathname: 'browerserify',
11 verbose parsed url   path: 'browerserify',
11 verbose parsed url   href: 'browerserify' }
12 silly lockFile 6d697f91-beefy beefy
13 verbose lock beefy /Users/sethvincent/.npm/6d697f91-beefy.lock
14 silly lockFile 26097bdb-browerserify browerserify
15 verbose lock browerserify /Users/sethvincent/.npm/26097bdb-browerserify.lock
16 silly lockFile 6d697f91-beefy beefy
17 silly lockFile 6d697f91-beefy beefy
18 verbose addNamed [ 'beefy', '' ]
19 verbose addNamed [ null, '*' ]
20 silly lockFile c0a0b28f-beefy beefy@
21 verbose lock beefy@ /Users/sethvincent/.npm/c0a0b28f-beefy.lock
22 silly lockFile 26097bdb-browerserify browerserify
23 silly lockFile 26097bdb-browerserify browerserify
24 verbose addNamed [ 'browerserify', '' ]
25 verbose addNamed [ null, '*' ]
26 silly lockFile 77409421-browerserify browerserify@
27 verbose lock browerserify@ /Users/sethvincent/.npm/77409421-browerserify.lock
28 silly addNameRange { name: 'beefy', range: '*', hasData: false }
29 silly addNameRange { name: 'browerserify', range: '*', hasData: false }
30 verbose url raw browerserify
31 verbose url resolving [ 'https://registry.npmjs.org/', './browerserify' ]
32 verbose url resolved https://registry.npmjs.org/browerserify
33 info trying registry request attempt 1 at 12:42:20
34 http GET https://registry.npmjs.org/browerserify
35 verbose url raw beefy
36 verbose url resolving [ 'https://registry.npmjs.org/', './beefy' ]
37 verbose url resolved https://registry.npmjs.org/beefy
38 info trying registry request attempt 1 at 12:42:20
39 verbose etag "3HM4KF32K12O26U8SJ7YLU1FS"
40 http GET https://registry.npmjs.org/beefy
41 http 304 https://registry.npmjs.org/beefy
42 silly registry.get cb [ 304,
42 silly registry.get   { date: 'Sat, 18 Jan 2014 20:42:22 GMT',
42 silly registry.get     server: 'CouchDB/1.5.0 (Erlang OTP/R15B03)',
42 silly registry.get     connection: 'Keep-Alive',
42 silly registry.get     'keep-alive': 'timeout=10, max=50',
42 silly registry.get     etag: '"3HM4KF32K12O26U8SJ7YLU1FS"' } ]
43 verbose etag beefy from cache
44 silly addNameRange number 2 { name: 'beefy', range: '*', hasData: true }
45 silly addNameRange versions [ 'beefy',
45 silly addNameRange   [ '0.0.11',
45 silly addNameRange     '0.1.0',
45 silly addNameRange     '0.1.1',
45 silly addNameRange     '0.2.0',
45 silly addNameRange     '0.2.1',
45 silly addNameRange     '0.3.0',
45 silly addNameRange     '0.3.1',
45 silly addNameRange     '0.4.0',
45 silly addNameRange     '0.4.1',
45 silly addNameRange     '0.4.2',
45 silly addNameRange     '0.4.3',
45 silly addNameRange     '0.4.4',
45 silly addNameRange     '0.4.5',
45 silly addNameRange     '0.5.0',
45 silly addNameRange     '0.5.1',
45 silly addNameRange     '0.6.0',
45 silly addNameRange     '0.7.0',
45 silly addNameRange     '0.7.1' ] ]
46 verbose addNamed [ 'beefy', '0.7.1' ]
47 verbose addNamed [ '0.7.1', '0.7.1' ]
48 silly lockFile 45f55f6c-beefy-0-7-1 beefy@0.7.1
49 verbose lock beefy@0.7.1 /Users/sethvincent/.npm/45f55f6c-beefy-0-7-1.lock
50 silly lockFile 45f55f6c-beefy-0-7-1 beefy@0.7.1
51 silly lockFile 45f55f6c-beefy-0-7-1 beefy@0.7.1
52 silly lockFile c0a0b28f-beefy beefy@
53 silly lockFile c0a0b28f-beefy beefy@
54 info retry will retry, error on last attempt: Error: socket hang up
55 info trying registry request attempt 2 at 12:43:51
56 http GET https://registry.npmjs.org/browerserify
57 http 404 https://registry.npmjs.org/browerserify
58 silly registry.get cb [ 404,
58 silly registry.get   { date: 'Sat, 18 Jan 2014 20:43:55 GMT',
58 silly registry.get     server: 'CouchDB/1.5.0 (Erlang OTP/R15B03)',
58 silly registry.get     'content-type': 'application/json',
58 silly registry.get     'cache-control': 'max-age=0',
58 silly registry.get     'content-length': '52',
58 silly registry.get     'accept-ranges': 'bytes',
58 silly registry.get     via: '1.1 varnish',
58 silly registry.get     age: '0',
58 silly registry.get     'x-served-by': 'cache-lax1421-LAX',
58 silly registry.get     'x-cache': 'MISS',
58 silly registry.get     'x-cache-hits': '0',
58 silly registry.get     'x-timer': 'S1390077835.169195890,VS0,VE43',
58 silly registry.get     'keep-alive': 'timeout=10, max=50',
58 silly registry.get     connection: 'Keep-Alive' } ]
59 silly lockFile 77409421-browerserify browerserify@
60 silly lockFile 77409421-browerserify browerserify@
61 error 404 'browerserify' is not in the npm registry.
61 error 404 You should bug the author to publish it
61 error 404
61 error 404 Note that you can also install from a
61 error 404 tarball, folder, or http url, or git url.
62 error System Darwin 13.0.0
63 error command "/Users/sethvincent/.nvm/v0.10.21/bin/node" "/Users/sethvincent/.nvm/v0.10.21/bin/npm" "install" "--save-dev" "beefy" "browerserify"
64 error cwd /Users/sethvincent/workspace/games/hogjam/hogjam3
65 error node -v v0.10.21
66 error npm -v 1.3.11
67 error code E404
68 verbose exit [ 1, true ]
